mode: set
go-averroes/internal/calendar_event/calendar_event.go:21.48,23.48 2 1
go-averroes/internal/calendar_event/calendar_event.go:23.48,25.3 1 0
go-averroes/internal/calendar_event/calendar_event.go:26.2,26.52 1 1
go-averroes/internal/calendar_event/calendar_event.go:26.52,28.3 1 0
go-averroes/internal/calendar_event/calendar_event.go:30.2,31.9 2 1
go-averroes/internal/calendar_event/calendar_event.go:31.9,34.3 2 0
go-averroes/internal/calendar_event/calendar_event.go:36.2,40.4 2 1
go-averroes/internal/calendar_event/calendar_event.go:44.48,46.48 2 1
go-averroes/internal/calendar_event/calendar_event.go:46.48,48.3 1 0
go-averroes/internal/calendar_event/calendar_event.go:49.2,50.9 2 1
go-averroes/internal/calendar_event/calendar_event.go:50.9,52.3 1 0
go-averroes/internal/calendar_event/calendar_event.go:53.2,56.47 3 1
go-averroes/internal/calendar_event/calendar_event.go:56.47,63.3 3 1
go-averroes/internal/calendar_event/calendar_event.go:65.2,65.22 1 1
go-averroes/internal/calendar_event/calendar_event.go:65.22,72.3 3 0
go-averroes/internal/calendar_event/calendar_event.go:77.2,78.25 2 1
go-averroes/internal/calendar_event/calendar_event.go:78.25,80.3 1 1
go-averroes/internal/calendar_event/calendar_event.go:83.2,84.16 2 1
go-averroes/internal/calendar_event/calendar_event.go:84.16,91.3 3 0
go-averroes/internal/calendar_event/calendar_event.go:92.2,99.16 3 1
go-averroes/internal/calendar_event/calendar_event.go:99.16,106.3 3 0
go-averroes/internal/calendar_event/calendar_event.go:108.2,115.16 3 1
go-averroes/internal/calendar_event/calendar_event.go:115.16,122.3 3 0
go-averroes/internal/calendar_event/calendar_event.go:125.2,125.36 1 1
go-averroes/internal/calendar_event/calendar_event.go:125.36,132.3 3 0
go-averroes/internal/calendar_event/calendar_event.go:134.2,142.4 2 1
go-averroes/internal/calendar_event/calendar_event.go:146.51,148.48 2 1
go-averroes/internal/calendar_event/calendar_event.go:148.48,150.3 1 0
go-averroes/internal/calendar_event/calendar_event.go:151.2,151.52 1 1
go-averroes/internal/calendar_event/calendar_event.go:151.52,153.3 1 0
go-averroes/internal/calendar_event/calendar_event.go:155.2,156.9 2 1
go-averroes/internal/calendar_event/calendar_event.go:156.9,159.3 2 0
go-averroes/internal/calendar_event/calendar_event.go:160.2,163.47 3 1
go-averroes/internal/calendar_event/calendar_event.go:163.47,170.3 3 1
go-averroes/internal/calendar_event/calendar_event.go:172.2,172.46 1 1
go-averroes/internal/calendar_event/calendar_event.go:172.46,179.3 3 0
go-averroes/internal/calendar_event/calendar_event.go:182.2,185.22 3 1
go-averroes/internal/calendar_event/calendar_event.go:185.22,188.3 2 1
go-averroes/internal/calendar_event/calendar_event.go:189.2,189.28 1 1
go-averroes/internal/calendar_event/calendar_event.go:189.28,192.3 2 1
go-averroes/internal/calendar_event/calendar_event.go:193.2,193.22 1 1
go-averroes/internal/calendar_event/calendar_event.go:193.22,196.3 2 1
go-averroes/internal/calendar_event/calendar_event.go:197.2,197.25 1 1
go-averroes/internal/calendar_event/calendar_event.go:197.25,200.3 2 1
go-averroes/internal/calendar_event/calendar_event.go:201.2,201.25 1 1
go-averroes/internal/calendar_event/calendar_event.go:201.25,204.3 2 1
go-averroes/internal/calendar_event/calendar_event.go:206.2,210.16 4 1
go-averroes/internal/calendar_event/calendar_event.go:210.16,217.3 3 0
go-averroes/internal/calendar_event/calendar_event.go:219.2,223.4 2 1
go-averroes/internal/calendar_event/calendar_event.go:227.51,229.48 2 1
go-averroes/internal/calendar_event/calendar_event.go:229.48,231.3 1 0
go-averroes/internal/calendar_event/calendar_event.go:232.2,232.52 1 1
go-averroes/internal/calendar_event/calendar_event.go:232.52,234.3 1 0
go-averroes/internal/calendar_event/calendar_event.go:236.2,237.9 2 1
go-averroes/internal/calendar_event/calendar_event.go:237.9,240.3 2 0
go-averroes/internal/calendar_event/calendar_event.go:241.2,245.16 3 1
go-averroes/internal/calendar_event/calendar_event.go:245.16,252.3 3 0
go-averroes/internal/calendar_event/calendar_event.go:253.2,257.16 3 1
go-averroes/internal/calendar_event/calendar_event.go:257.16,264.3 3 0
go-averroes/internal/calendar_event/calendar_event.go:267.2,268.16 2 1
go-averroes/internal/calendar_event/calendar_event.go:268.16,275.3 3 0
go-averroes/internal/calendar_event/calendar_event.go:278.2,278.36 1 1
go-averroes/internal/calendar_event/calendar_event.go:278.36,285.3 3 0
go-averroes/internal/calendar_event/calendar_event.go:287.2,291.4 2 1
go-averroes/internal/calendar_event/calendar_event.go:295.49,297.48 2 0
go-averroes/internal/calendar_event/calendar_event.go:297.48,299.3 1 0
go-averroes/internal/calendar_event/calendar_event.go:300.2,301.9 2 0
go-averroes/internal/calendar_event/calendar_event.go:301.9,303.3 1 0
go-averroes/internal/calendar_event/calendar_event.go:304.2,311.39 4 0
go-averroes/internal/calendar_event/calendar_event.go:311.39,318.3 3 0
go-averroes/internal/calendar_event/calendar_event.go:321.2,321.74 1 0
go-averroes/internal/calendar_event/calendar_event.go:321.74,328.3 3 0
go-averroes/internal/calendar_event/calendar_event.go:331.2,332.16 2 0
go-averroes/internal/calendar_event/calendar_event.go:332.16,339.3 3 0
go-averroes/internal/calendar_event/calendar_event.go:342.2,355.16 3 0
go-averroes/internal/calendar_event/calendar_event.go:355.16,362.3 3 0
go-averroes/internal/calendar_event/calendar_event.go:363.2,366.18 3 0
go-averroes/internal/calendar_event/calendar_event.go:366.18,369.17 3 0
go-averroes/internal/calendar_event/calendar_event.go:369.17,376.4 3 0
go-averroes/internal/calendar_event/calendar_event.go:377.3,377.33 1 0
go-averroes/internal/calendar_event/calendar_event.go:380.2,380.34 1 0
go-averroes/internal/calendar_event/calendar_event.go:380.34,387.3 3 0
go-averroes/internal/calendar_event/calendar_event.go:389.2,394.4 2 0
go-averroes/internal/calendar_event/calendar_event.go:398.80,399.20 1 0
go-averroes/internal/calendar_event/calendar_event.go:400.13,403.17 2 0
go-averroes/internal/calendar_event/calendar_event.go:403.17,405.4 1 0
go-averroes/internal/calendar_event/calendar_event.go:406.3,408.33 3 0
go-averroes/internal/calendar_event/calendar_event.go:410.14,413.22 2 0
go-averroes/internal/calendar_event/calendar_event.go:413.22,415.4 1 0
go-averroes/internal/calendar_event/calendar_event.go:416.3,417.17 2 0
go-averroes/internal/calendar_event/calendar_event.go:417.17,419.4 1 0
go-averroes/internal/calendar_event/calendar_event.go:420.3,421.17 2 0
go-averroes/internal/calendar_event/calendar_event.go:421.17,423.4 1 0
go-averroes/internal/calendar_event/calendar_event.go:427.3,429.19 3 0
go-averroes/internal/calendar_event/calendar_event.go:429.19,431.4 1 0
go-averroes/internal/calendar_event/calendar_event.go:433.3,437.33 4 0
go-averroes/internal/calendar_event/calendar_event.go:439.15,442.17 2 0
go-averroes/internal/calendar_event/calendar_event.go:442.17,444.4 1 0
go-averroes/internal/calendar_event/calendar_event.go:445.3,447.33 3 0
go-averroes/internal/calendar_event/calendar_event.go:449.10,450.79 1 0
go-averroes/internal/calendar_event/calendar_event.go:455.56,459.28 4 1
go-averroes/internal/calendar_event/calendar_event.go:459.28,462.3 2 1
go-averroes/internal/calendar_event/calendar_event.go:463.2,464.43 2 1
go-averroes/internal/calendar_event/calendar_event.go:464.43,467.3 2 1
go-averroes/internal/calendar_event/calendar_event.go:468.2,470.44 3 1
go-averroes/internal/calendar_event/calendar_event.go:474.55,478.28 4 1
go-averroes/internal/calendar_event/calendar_event.go:478.28,481.3 2 1
go-averroes/internal/calendar_event/calendar_event.go:482.2,483.41 2 1
go-averroes/internal/calendar_event/calendar_event.go:483.41,486.3 2 1
go-averroes/internal/calendar_event/calendar_event.go:487.2,489.18 3 1
go-averroes/internal/calendar_event/calendar_event.go:489.18,491.3 1 0
go-averroes/internal/calendar_event/calendar_event.go:492.2,495.44 4 1
go-averroes/internal/calendar_event/calendar_event.go:499.54,504.28 5 1
go-averroes/internal/calendar_event/calendar_event.go:504.28,507.3 2 1
go-averroes/internal/calendar_event/calendar_event.go:508.2,509.43 2 1
go-averroes/internal/calendar_event/calendar_event.go:509.43,512.3 2 1
go-averroes/internal/calendar_event/calendar_event.go:513.2,514.39 2 1
go-averroes/internal/calendar_event/calendar_event.go:514.39,517.3 2 1
go-averroes/internal/calendar_event/calendar_event.go:518.2,520.44 3 1
go-averroes/internal/calendar_event/calendar_event.go:524.72,526.48 2 1
go-averroes/internal/calendar_event/calendar_event.go:526.48,528.3 1 0
go-averroes/internal/calendar_event/calendar_event.go:529.2,530.9 2 1
go-averroes/internal/calendar_event/calendar_event.go:530.9,532.3 1 0
go-averroes/internal/calendar_event/calendar_event.go:533.2,546.16 4 1
go-averroes/internal/calendar_event/calendar_event.go:546.16,553.3 3 0
go-averroes/internal/calendar_event/calendar_event.go:554.2,557.18 3 1
go-averroes/internal/calendar_event/calendar_event.go:557.18,560.17 3 1
go-averroes/internal/calendar_event/calendar_event.go:560.17,567.4 3 0
go-averroes/internal/calendar_event/calendar_event.go:568.3,568.33 1 1
go-averroes/internal/calendar_event/calendar_event.go:571.2,571.34 1 1
go-averroes/internal/calendar_event/calendar_event.go:571.34,578.3 3 0
go-averroes/internal/calendar_event/calendar_event.go:580.2,585.4 2 1
