mode: set
go-averroes/cmd/app/main.go:14.13,15.58 1 0
go-averroes/cmd/app/main.go:15.58,17.3 1 0
go-averroes/cmd/app/main.go:19.2,21.43 3 0
go-averroes/cmd/app/main.go:21.43,23.3 1 0
go-averroes/cmd/app/main.go:25.2,30.16 5 0
go-averroes/cmd/app/main.go:30.16,32.3 1 0
go-averroes/internal/calendar/calendar.go:18.43,20.48 2 0
go-averroes/internal/calendar/calendar.go:20.48,26.3 2 0
go-averroes/internal/calendar/calendar.go:28.2,29.9 2 0
go-averroes/internal/calendar/calendar.go:29.9,36.3 3 0
go-averroes/internal/calendar/calendar.go:38.2,43.4 2 0
go-averroes/internal/calendar/calendar.go:47.43,50.9 3 0
go-averroes/internal/calendar/calendar.go:50.9,52.3 1 0
go-averroes/internal/calendar/calendar.go:53.2,58.47 4 0
go-averroes/internal/calendar/calendar.go:58.47,65.3 3 0
go-averroes/internal/calendar/calendar.go:67.2,70.16 3 0
go-averroes/internal/calendar/calendar.go:70.16,77.3 3 0
go-averroes/internal/calendar/calendar.go:78.2,84.16 3 0
go-averroes/internal/calendar/calendar.go:84.16,91.3 3 0
go-averroes/internal/calendar/calendar.go:93.2,100.16 4 0
go-averroes/internal/calendar/calendar.go:100.16,107.3 3 0
go-averroes/internal/calendar/calendar.go:109.2,111.36 2 0
go-averroes/internal/calendar/calendar.go:111.36,118.3 3 0
go-averroes/internal/calendar/calendar.go:120.2,128.4 2 0
go-averroes/internal/calendar/calendar.go:132.46,134.48 2 0
go-averroes/internal/calendar/calendar.go:134.48,140.3 2 0
go-averroes/internal/calendar/calendar.go:142.2,143.9 2 0
go-averroes/internal/calendar/calendar.go:143.9,150.3 3 0
go-averroes/internal/calendar/calendar.go:151.2,154.47 3 0
go-averroes/internal/calendar/calendar.go:154.47,161.3 3 0
go-averroes/internal/calendar/calendar.go:164.2,164.42 1 0
go-averroes/internal/calendar/calendar.go:164.42,171.3 3 0
go-averroes/internal/calendar/calendar.go:173.2,175.28 3 0
go-averroes/internal/calendar/calendar.go:175.28,178.3 2 0
go-averroes/internal/calendar/calendar.go:179.2,183.16 4 0
go-averroes/internal/calendar/calendar.go:183.16,190.3 3 0
go-averroes/internal/calendar/calendar.go:192.2,196.4 2 0
go-averroes/internal/calendar/calendar.go:200.46,202.48 2 0
go-averroes/internal/calendar/calendar.go:202.48,208.3 2 0
go-averroes/internal/calendar/calendar.go:210.2,211.9 2 0
go-averroes/internal/calendar/calendar.go:211.9,218.3 3 0
go-averroes/internal/calendar/calendar.go:219.2,222.16 3 0
go-averroes/internal/calendar/calendar.go:222.16,229.3 3 0
go-averroes/internal/calendar/calendar.go:230.2,233.16 3 0
go-averroes/internal/calendar/calendar.go:233.16,240.3 3 0
go-averroes/internal/calendar/calendar.go:242.2,243.16 2 0
go-averroes/internal/calendar/calendar.go:243.16,250.3 3 0
go-averroes/internal/calendar/calendar.go:252.2,253.16 2 0
go-averroes/internal/calendar/calendar.go:253.16,260.3 3 0
go-averroes/internal/calendar/calendar.go:262.2,262.36 1 0
go-averroes/internal/calendar/calendar.go:262.36,269.3 3 0
go-averroes/internal/calendar/calendar.go:271.2,275.4 2 0
go-averroes/internal/calendar_event/calendar_event.go:21.48,23.48 2 0
go-averroes/internal/calendar_event/calendar_event.go:23.48,25.3 1 0
go-averroes/internal/calendar_event/calendar_event.go:26.2,26.52 1 0
go-averroes/internal/calendar_event/calendar_event.go:26.52,28.3 1 0
go-averroes/internal/calendar_event/calendar_event.go:30.2,31.9 2 0
go-averroes/internal/calendar_event/calendar_event.go:31.9,34.3 2 0
go-averroes/internal/calendar_event/calendar_event.go:36.2,40.4 2 0
go-averroes/internal/calendar_event/calendar_event.go:44.48,46.48 2 0
go-averroes/internal/calendar_event/calendar_event.go:46.48,48.3 1 0
go-averroes/internal/calendar_event/calendar_event.go:49.2,50.9 2 0
go-averroes/internal/calendar_event/calendar_event.go:50.9,52.3 1 0
go-averroes/internal/calendar_event/calendar_event.go:53.2,56.47 3 0
go-averroes/internal/calendar_event/calendar_event.go:56.47,63.3 3 0
go-averroes/internal/calendar_event/calendar_event.go:65.2,65.22 1 0
go-averroes/internal/calendar_event/calendar_event.go:65.22,72.3 3 0
go-averroes/internal/calendar_event/calendar_event.go:77.2,78.25 2 0
go-averroes/internal/calendar_event/calendar_event.go:78.25,80.3 1 0
go-averroes/internal/calendar_event/calendar_event.go:83.2,84.16 2 0
go-averroes/internal/calendar_event/calendar_event.go:84.16,91.3 3 0
go-averroes/internal/calendar_event/calendar_event.go:92.2,99.16 3 0
go-averroes/internal/calendar_event/calendar_event.go:99.16,106.3 3 0
go-averroes/internal/calendar_event/calendar_event.go:108.2,115.16 3 0
go-averroes/internal/calendar_event/calendar_event.go:115.16,122.3 3 0
go-averroes/internal/calendar_event/calendar_event.go:125.2,125.36 1 0
go-averroes/internal/calendar_event/calendar_event.go:125.36,132.3 3 0
go-averroes/internal/calendar_event/calendar_event.go:134.2,142.4 2 0
go-averroes/internal/calendar_event/calendar_event.go:146.51,148.48 2 0
go-averroes/internal/calendar_event/calendar_event.go:148.48,150.3 1 0
go-averroes/internal/calendar_event/calendar_event.go:151.2,151.52 1 0
go-averroes/internal/calendar_event/calendar_event.go:151.52,153.3 1 0
go-averroes/internal/calendar_event/calendar_event.go:155.2,156.9 2 0
go-averroes/internal/calendar_event/calendar_event.go:156.9,159.3 2 0
go-averroes/internal/calendar_event/calendar_event.go:160.2,163.47 3 0
go-averroes/internal/calendar_event/calendar_event.go:163.47,170.3 3 0
go-averroes/internal/calendar_event/calendar_event.go:172.2,172.46 1 0
go-averroes/internal/calendar_event/calendar_event.go:172.46,179.3 3 0
go-averroes/internal/calendar_event/calendar_event.go:182.2,185.22 3 0
go-averroes/internal/calendar_event/calendar_event.go:185.22,188.3 2 0
go-averroes/internal/calendar_event/calendar_event.go:189.2,189.28 1 0
go-averroes/internal/calendar_event/calendar_event.go:189.28,192.3 2 0
go-averroes/internal/calendar_event/calendar_event.go:193.2,193.22 1 0
go-averroes/internal/calendar_event/calendar_event.go:193.22,196.3 2 0
go-averroes/internal/calendar_event/calendar_event.go:197.2,197.25 1 0
go-averroes/internal/calendar_event/calendar_event.go:197.25,200.3 2 0
go-averroes/internal/calendar_event/calendar_event.go:201.2,201.25 1 0
go-averroes/internal/calendar_event/calendar_event.go:201.25,204.3 2 0
go-averroes/internal/calendar_event/calendar_event.go:206.2,210.16 4 0
go-averroes/internal/calendar_event/calendar_event.go:210.16,217.3 3 0
go-averroes/internal/calendar_event/calendar_event.go:219.2,223.4 2 0
go-averroes/internal/calendar_event/calendar_event.go:227.51,229.48 2 0
go-averroes/internal/calendar_event/calendar_event.go:229.48,231.3 1 0
go-averroes/internal/calendar_event/calendar_event.go:232.2,232.52 1 0
go-averroes/internal/calendar_event/calendar_event.go:232.52,234.3 1 0
go-averroes/internal/calendar_event/calendar_event.go:236.2,237.9 2 0
go-averroes/internal/calendar_event/calendar_event.go:237.9,240.3 2 0
go-averroes/internal/calendar_event/calendar_event.go:241.2,245.16 3 0
go-averroes/internal/calendar_event/calendar_event.go:245.16,252.3 3 0
go-averroes/internal/calendar_event/calendar_event.go:253.2,257.16 3 0
go-averroes/internal/calendar_event/calendar_event.go:257.16,264.3 3 0
go-averroes/internal/calendar_event/calendar_event.go:267.2,268.16 2 0
go-averroes/internal/calendar_event/calendar_event.go:268.16,275.3 3 0
go-averroes/internal/calendar_event/calendar_event.go:278.2,278.36 1 0
go-averroes/internal/calendar_event/calendar_event.go:278.36,285.3 3 0
go-averroes/internal/calendar_event/calendar_event.go:287.2,291.4 2 0
go-averroes/internal/calendar_event/calendar_event.go:295.49,297.48 2 0
go-averroes/internal/calendar_event/calendar_event.go:297.48,299.3 1 0
go-averroes/internal/calendar_event/calendar_event.go:300.2,301.9 2 0
go-averroes/internal/calendar_event/calendar_event.go:301.9,303.3 1 0
go-averroes/internal/calendar_event/calendar_event.go:304.2,311.39 4 0
go-averroes/internal/calendar_event/calendar_event.go:311.39,318.3 3 0
go-averroes/internal/calendar_event/calendar_event.go:321.2,321.74 1 0
go-averroes/internal/calendar_event/calendar_event.go:321.74,328.3 3 0
go-averroes/internal/calendar_event/calendar_event.go:331.2,332.16 2 0
go-averroes/internal/calendar_event/calendar_event.go:332.16,339.3 3 0
go-averroes/internal/calendar_event/calendar_event.go:342.2,355.16 3 0
go-averroes/internal/calendar_event/calendar_event.go:355.16,362.3 3 0
go-averroes/internal/calendar_event/calendar_event.go:363.2,366.18 3 0
go-averroes/internal/calendar_event/calendar_event.go:366.18,369.17 3 0
go-averroes/internal/calendar_event/calendar_event.go:369.17,376.4 3 0
go-averroes/internal/calendar_event/calendar_event.go:377.3,377.33 1 0
go-averroes/internal/calendar_event/calendar_event.go:380.2,380.34 1 0
go-averroes/internal/calendar_event/calendar_event.go:380.34,387.3 3 0
go-averroes/internal/calendar_event/calendar_event.go:389.2,394.4 2 0
go-averroes/internal/calendar_event/calendar_event.go:398.80,399.20 1 0
go-averroes/internal/calendar_event/calendar_event.go:400.13,403.17 2 0
go-averroes/internal/calendar_event/calendar_event.go:403.17,405.4 1 0
go-averroes/internal/calendar_event/calendar_event.go:406.3,408.33 3 0
go-averroes/internal/calendar_event/calendar_event.go:410.14,413.22 2 0
go-averroes/internal/calendar_event/calendar_event.go:413.22,415.4 1 0
go-averroes/internal/calendar_event/calendar_event.go:416.3,417.17 2 0
go-averroes/internal/calendar_event/calendar_event.go:417.17,419.4 1 0
go-averroes/internal/calendar_event/calendar_event.go:420.3,421.17 2 0
go-averroes/internal/calendar_event/calendar_event.go:421.17,423.4 1 0
go-averroes/internal/calendar_event/calendar_event.go:427.3,429.19 3 0
go-averroes/internal/calendar_event/calendar_event.go:429.19,431.4 1 0
go-averroes/internal/calendar_event/calendar_event.go:433.3,437.33 4 0
go-averroes/internal/calendar_event/calendar_event.go:439.15,442.17 2 0
go-averroes/internal/calendar_event/calendar_event.go:442.17,444.4 1 0
go-averroes/internal/calendar_event/calendar_event.go:445.3,447.33 3 0
go-averroes/internal/calendar_event/calendar_event.go:449.10,450.79 1 0
go-averroes/internal/calendar_event/calendar_event.go:455.56,459.28 4 0
go-averroes/internal/calendar_event/calendar_event.go:459.28,462.3 2 0
go-averroes/internal/calendar_event/calendar_event.go:463.2,464.43 2 0
go-averroes/internal/calendar_event/calendar_event.go:464.43,467.3 2 0
go-averroes/internal/calendar_event/calendar_event.go:468.2,470.44 3 0
go-averroes/internal/calendar_event/calendar_event.go:474.55,478.28 4 0
go-averroes/internal/calendar_event/calendar_event.go:478.28,481.3 2 0
go-averroes/internal/calendar_event/calendar_event.go:482.2,483.41 2 0
go-averroes/internal/calendar_event/calendar_event.go:483.41,486.3 2 0
go-averroes/internal/calendar_event/calendar_event.go:487.2,489.18 3 0
go-averroes/internal/calendar_event/calendar_event.go:489.18,491.3 1 0
go-averroes/internal/calendar_event/calendar_event.go:492.2,495.44 4 0
go-averroes/internal/calendar_event/calendar_event.go:499.54,504.28 5 0
go-averroes/internal/calendar_event/calendar_event.go:504.28,507.3 2 0
go-averroes/internal/calendar_event/calendar_event.go:508.2,509.43 2 0
go-averroes/internal/calendar_event/calendar_event.go:509.43,512.3 2 0
go-averroes/internal/calendar_event/calendar_event.go:513.2,514.39 2 0
go-averroes/internal/calendar_event/calendar_event.go:514.39,517.3 2 0
go-averroes/internal/calendar_event/calendar_event.go:518.2,520.44 3 0
go-averroes/internal/calendar_event/calendar_event.go:524.72,526.48 2 0
go-averroes/internal/calendar_event/calendar_event.go:526.48,528.3 1 0
go-averroes/internal/calendar_event/calendar_event.go:529.2,530.9 2 0
go-averroes/internal/calendar_event/calendar_event.go:530.9,532.3 1 0
go-averroes/internal/calendar_event/calendar_event.go:533.2,546.16 4 0
go-averroes/internal/calendar_event/calendar_event.go:546.16,553.3 3 0
go-averroes/internal/calendar_event/calendar_event.go:554.2,557.18 3 0
go-averroes/internal/calendar_event/calendar_event.go:557.18,560.17 3 0
go-averroes/internal/calendar_event/calendar_event.go:560.17,567.4 3 0
go-averroes/internal/calendar_event/calendar_event.go:568.3,568.33 1 0
go-averroes/internal/calendar_event/calendar_event.go:571.2,571.34 1 0
go-averroes/internal/calendar_event/calendar_event.go:571.34,578.3 3 0
go-averroes/internal/calendar_event/calendar_event.go:580.2,585.4 2 0
go-averroes/internal/common/config.go:16.30,24.2 1 0
go-averroes/internal/common/config.go:27.44,28.42 1 0
go-averroes/internal/common/config.go:28.42,30.3 1 0
go-averroes/internal/common/config.go:31.2,31.19 1 0
go-averroes/internal/common/context.go:10.54,12.13 2 0
go-averroes/internal/common/context.go:12.13,15.14 2 0
go-averroes/internal/common/context.go:15.14,21.4 2 0
go-averroes/internal/common/context.go:23.2,24.9 2 0
go-averroes/internal/common/context.go:24.9,31.3 2 0
go-averroes/internal/common/context.go:32.2,32.23 1 0
go-averroes/internal/common/context.go:37.62,39.13 2 0
go-averroes/internal/common/context.go:39.13,45.3 2 0
go-averroes/internal/common/context.go:46.2,47.9 2 0
go-averroes/internal/common/context.go:47.9,54.3 2 0
go-averroes/internal/common/context.go:55.2,55.27 1 0
go-averroes/internal/common/context.go:60.56,62.13 2 0
go-averroes/internal/common/context.go:62.13,68.3 2 0
go-averroes/internal/common/context.go:69.2,70.9 2 0
go-averroes/internal/common/context.go:70.9,77.3 2 0
go-averroes/internal/common/context.go:78.2,78.24 1 0
go-averroes/internal/common/db.go:11.33,15.16 4 0
go-averroes/internal/common/db.go:15.16,17.3 1 0
go-averroes/internal/common/db.go:19.2,19.18 1 0
go-averroes/internal/common/logger.go:9.44,10.51 1 0
go-averroes/internal/common/logger.go:10.51,12.17 2 0
go-averroes/internal/common/logger.go:12.17,14.4 1 0
go-averroes/internal/common/logger.go:16.2,17.16 2 0
go-averroes/internal/common/logger.go:17.16,19.3 1 0
go-averroes/internal/common/logger.go:20.2,22.12 3 0
go-averroes/internal/common/models.go:218.34,218.47 1 0
go-averroes/internal/common/models.go:221.25,221.38 1 0
go-averroes/internal/common/models.go:224.28,224.41 1 0
go-averroes/internal/common/response.go:19.112,20.16 1 0
go-averroes/internal/common/response.go:20.16,21.27 1 0
go-averroes/internal/common/response.go:21.27,26.4 1 0
go-averroes/internal/common/response.go:26.9,31.4 1 0
go-averroes/internal/common/response.go:32.3,33.14 2 0
go-averroes/internal/common/response.go:35.2,35.14 1 0
go-averroes/internal/middleware/middleware.go:19.61,20.30 1 0
go-averroes/internal/middleware/middleware.go:20.30,23.17 3 0
go-averroes/internal/middleware/middleware.go:23.17,30.4 3 0
go-averroes/internal/middleware/middleware.go:32.3,46.108 3 0
go-averroes/internal/middleware/middleware.go:46.108,48.4 1 0
go-averroes/internal/middleware/middleware.go:51.3,52.11 2 0
go-averroes/internal/middleware/middleware.go:56.65,57.30 1 0
go-averroes/internal/middleware/middleware.go:57.30,60.17 3 0
go-averroes/internal/middleware/middleware.go:60.17,68.4 4 0
go-averroes/internal/middleware/middleware.go:70.3,85.17 4 0
go-averroes/internal/middleware/middleware.go:85.17,87.117 2 0
go-averroes/internal/middleware/middleware.go:87.117,89.5 1 0
go-averroes/internal/middleware/middleware.go:92.3,96.11 3 0
go-averroes/internal/middleware/middleware.go:100.61,101.30 1 0
go-averroes/internal/middleware/middleware.go:101.30,104.17 3 0
go-averroes/internal/middleware/middleware.go:104.17,111.4 3 0
go-averroes/internal/middleware/middleware.go:113.3,126.104 3 0
go-averroes/internal/middleware/middleware.go:126.104,128.4 1 0
go-averroes/internal/middleware/middleware.go:131.3,132.11 2 0
go-averroes/internal/middleware/middleware.go:136.56,137.30 1 0
go-averroes/internal/middleware/middleware.go:137.30,139.10 2 0
go-averroes/internal/middleware/middleware.go:139.10,147.4 4 0
go-averroes/internal/middleware/middleware.go:149.3,152.10 3 0
go-averroes/internal/middleware/middleware.go:152.10,160.4 4 0
go-averroes/internal/middleware/middleware.go:162.3,171.17 4 0
go-averroes/internal/middleware/middleware.go:171.17,180.4 4 0
go-averroes/internal/middleware/middleware.go:182.3,183.11 2 0
go-averroes/internal/middleware/middleware.go:187.42,188.30 1 0
go-averroes/internal/middleware/middleware.go:188.30,205.3 8 0
go-averroes/internal/middleware/middleware.go:209.39,210.30 1 0
go-averroes/internal/middleware/middleware.go:210.30,213.23 2 0
go-averroes/internal/middleware/middleware.go:213.23,221.4 4 0
go-averroes/internal/middleware/middleware.go:224.3,225.18 2 0
go-averroes/internal/middleware/middleware.go:225.18,233.4 4 0
go-averroes/internal/middleware/middleware.go:236.3,237.17 2 0
go-averroes/internal/middleware/middleware.go:237.17,245.4 4 0
go-averroes/internal/middleware/middleware.go:248.3,249.11 2 0
go-averroes/internal/middleware/middleware.go:254.58,255.30 1 0
go-averroes/internal/middleware/middleware.go:255.30,257.10 2 0
go-averroes/internal/middleware/middleware.go:257.10,265.4 4 0
go-averroes/internal/middleware/middleware.go:268.3,276.17 3 0
go-averroes/internal/middleware/middleware.go:276.17,284.4 4 0
go-averroes/internal/middleware/middleware.go:286.3,286.11 1 0
go-averroes/internal/middleware/middleware.go:291.63,292.30 1 0
go-averroes/internal/middleware/middleware.go:292.30,294.10 2 0
go-averroes/internal/middleware/middleware.go:294.10,302.4 4 0
go-averroes/internal/middleware/middleware.go:305.3,309.38 4 0
go-averroes/internal/middleware/middleware.go:309.38,312.4 2 0
go-averroes/internal/middleware/middleware.go:314.3,325.31 4 0
go-averroes/internal/middleware/middleware.go:325.31,333.4 4 0
go-averroes/internal/middleware/middleware.go:335.3,335.11 1 0
go-averroes/internal/middleware/middleware.go:340.40,342.2 1 0
go-averroes/internal/middleware/middleware.go:345.47,346.30 1 0
go-averroes/internal/middleware/middleware.go:346.30,349.23 2 0
go-averroes/internal/middleware/middleware.go:349.23,353.4 2 0
go-averroes/internal/middleware/middleware.go:356.3,357.18 2 0
go-averroes/internal/middleware/middleware.go:357.18,361.4 2 0
go-averroes/internal/middleware/middleware.go:364.3,365.17 2 0
go-averroes/internal/middleware/middleware.go:365.17,370.4 3 0
go-averroes/internal/middleware/middleware.go:373.3,374.11 2 0
go-averroes/internal/middleware/middleware.go:379.55,380.56 1 0
go-averroes/internal/middleware/middleware.go:380.56,382.3 1 0
go-averroes/internal/middleware/middleware.go:383.2,383.11 1 0
go-averroes/internal/middleware/middleware.go:388.62,389.30 1 0
go-averroes/internal/middleware/middleware.go:389.30,392.17 3 0
go-averroes/internal/middleware/middleware.go:392.17,399.4 3 0
go-averroes/internal/middleware/middleware.go:401.3,417.107 3 0
go-averroes/internal/middleware/middleware.go:417.107,419.4 1 0
go-averroes/internal/middleware/middleware.go:422.3,423.11 2 0
go-averroes/internal/role/role.go:19.43,23.18 3 0
go-averroes/internal/role/role.go:23.18,30.3 3 0
go-averroes/internal/role/role.go:32.2,39.26 3 0
go-averroes/internal/role/role.go:39.26,46.3 3 0
go-averroes/internal/role/role.go:48.2,48.16 1 0
go-averroes/internal/role/role.go:48.16,55.3 3 0
go-averroes/internal/role/role.go:57.2,61.4 2 0
go-averroes/internal/role/role.go:65.45,74.16 3 0
go-averroes/internal/role/role.go:74.16,81.3 3 0
go-averroes/internal/role/role.go:82.2,85.18 3 0
go-averroes/internal/role/role.go:85.18,88.17 3 0
go-averroes/internal/role/role.go:88.17,90.12 2 0
go-averroes/internal/role/role.go:92.3,92.30 1 0
go-averroes/internal/role/role.go:95.2,99.4 2 0
go-averroes/internal/role/role.go:103.46,107.47 3 0
go-averroes/internal/role/role.go:107.47,114.3 3 0
go-averroes/internal/role/role.go:117.2,119.26 3 0
go-averroes/internal/role/role.go:119.26,126.3 3 0
go-averroes/internal/role/role.go:128.2,132.16 2 0
go-averroes/internal/role/role.go:132.16,139.3 3 0
go-averroes/internal/role/role.go:141.2,148.4 3 0
go-averroes/internal/role/role.go:152.46,156.47 3 0
go-averroes/internal/role/role.go:156.47,163.3 3 0
go-averroes/internal/role/role.go:165.2,166.18 2 0
go-averroes/internal/role/role.go:166.18,173.3 3 0
go-averroes/internal/role/role.go:176.2,178.26 3 0
go-averroes/internal/role/role.go:178.26,185.3 3 0
go-averroes/internal/role/role.go:188.2,188.21 1 0
go-averroes/internal/role/role.go:188.21,191.27 3 0
go-averroes/internal/role/role.go:191.27,198.4 3 0
go-averroes/internal/role/role.go:201.2,204.21 3 0
go-averroes/internal/role/role.go:204.21,207.3 2 0
go-averroes/internal/role/role.go:208.2,208.28 1 0
go-averroes/internal/role/role.go:208.28,211.3 2 0
go-averroes/internal/role/role.go:213.2,215.16 3 0
go-averroes/internal/role/role.go:215.16,222.3 3 0
go-averroes/internal/role/role.go:224.2,228.4 2 0
go-averroes/internal/role/role.go:232.46,236.18 3 0
go-averroes/internal/role/role.go:236.18,243.3 3 0
go-averroes/internal/role/role.go:246.2,248.26 3 0
go-averroes/internal/role/role.go:248.26,255.3 3 0
go-averroes/internal/role/role.go:258.2,259.16 2 0
go-averroes/internal/role/role.go:259.16,266.3 3 0
go-averroes/internal/role/role.go:269.2,270.16 2 0
go-averroes/internal/role/role.go:270.16,273.3 1 0
go-averroes/internal/role/role.go:275.2,279.4 2 0
go-averroes/internal/role/role.go:283.46,287.47 3 0
go-averroes/internal/role/role.go:287.47,294.3 3 0
go-averroes/internal/role/role.go:297.2,299.26 3 0
go-averroes/internal/role/role.go:299.26,306.3 3 0
go-averroes/internal/role/role.go:309.2,311.26 3 0
go-averroes/internal/role/role.go:311.26,318.3 3 0
go-averroes/internal/role/role.go:321.2,323.26 3 0
go-averroes/internal/role/role.go:323.26,330.3 3 0
go-averroes/internal/role/role.go:333.2,337.16 2 0
go-averroes/internal/role/role.go:337.16,344.3 3 0
go-averroes/internal/role/role.go:346.2,350.4 2 0
go-averroes/internal/role/role.go:354.46,358.47 3 0
go-averroes/internal/role/role.go:358.47,365.3 3 0
go-averroes/internal/role/role.go:368.2,370.26 3 0
go-averroes/internal/role/role.go:370.26,377.3 3 0
go-averroes/internal/role/role.go:380.2,381.16 2 0
go-averroes/internal/role/role.go:381.16,388.3 3 0
go-averroes/internal/role/role.go:390.2,394.4 2 0
go-averroes/internal/role/role.go:398.48,402.18 3 0
go-averroes/internal/role/role.go:402.18,409.3 3 0
go-averroes/internal/role/role.go:412.2,414.26 3 0
go-averroes/internal/role/role.go:414.26,421.3 3 0
go-averroes/internal/role/role.go:423.2,430.16 2 0
go-averroes/internal/role/role.go:430.16,437.3 3 0
go-averroes/internal/role/role.go:438.2,441.18 3 0
go-averroes/internal/role/role.go:441.18,444.17 3 0
go-averroes/internal/role/role.go:444.17,446.12 2 0
go-averroes/internal/role/role.go:448.3,448.30 1 0
go-averroes/internal/role/role.go:451.2,455.4 2 0
go-averroes/internal/routes/routes.go:16.41,18.45 1 0
go-averroes/internal/routes/routes.go:18.45,23.3 1 0
go-averroes/internal/routes/routes.go:26.2,27.2 2 0
go-averroes/internal/routes/routes.go:27.2,28.49 1 0
go-averroes/internal/routes/routes.go:28.49,28.77 1 0
go-averroes/internal/routes/routes.go:29.3,29.51 1 0
go-averroes/internal/routes/routes.go:29.51,29.86 1 0
go-averroes/internal/routes/routes.go:33.2,35.2 3 0
go-averroes/internal/routes/routes.go:35.2,36.59 1 0
go-averroes/internal/routes/routes.go:36.59,36.88 1 0
go-averroes/internal/routes/routes.go:37.3,37.54 1 0
go-averroes/internal/routes/routes.go:37.54,37.80 1 0
go-averroes/internal/routes/routes.go:38.3,38.60 1 0
go-averroes/internal/routes/routes.go:38.60,38.98 1 0
go-averroes/internal/routes/routes.go:39.3,39.75 1 0
go-averroes/internal/routes/routes.go:39.75,39.111 1 0
go-averroes/internal/routes/routes.go:43.2,44.2 2 0
go-averroes/internal/routes/routes.go:44.2,46.43 1 0
go-averroes/internal/routes/routes.go:46.43,46.63 1 0
go-averroes/internal/routes/routes.go:49.3,51.3 3 0
go-averroes/internal/routes/routes.go:51.3,53.55 1 0
go-averroes/internal/routes/routes.go:53.55,53.75 1 0
go-averroes/internal/routes/routes.go:54.4,54.55 1 0
go-averroes/internal/routes/routes.go:54.55,54.78 1 0
go-averroes/internal/routes/routes.go:55.4,55.58 1 0
go-averroes/internal/routes/routes.go:55.58,55.81 1 0
go-averroes/internal/routes/routes.go:59.3,61.3 3 0
go-averroes/internal/routes/routes.go:61.3,62.101 1 0
go-averroes/internal/routes/routes.go:62.101,62.121 1 0
go-averroes/internal/routes/routes.go:63.4,63.101 1 0
go-averroes/internal/routes/routes.go:63.101,63.124 1 0
go-averroes/internal/routes/routes.go:64.4,64.104 1 0
go-averroes/internal/routes/routes.go:64.104,64.127 1 0
go-averroes/internal/routes/routes.go:65.4,65.112 1 0
go-averroes/internal/routes/routes.go:65.112,65.145 1 0
go-averroes/internal/routes/routes.go:70.2,72.2 3 0
go-averroes/internal/routes/routes.go:72.2,73.42 1 0
go-averroes/internal/routes/routes.go:73.42,73.68 1 0
go-averroes/internal/routes/routes.go:74.3,74.46 1 0
go-averroes/internal/routes/routes.go:74.46,74.70 1 0
go-averroes/internal/routes/routes.go:75.3,75.43 1 0
go-averroes/internal/routes/routes.go:75.43,75.70 1 0
go-averroes/internal/routes/routes.go:76.3,76.46 1 0
go-averroes/internal/routes/routes.go:76.46,76.73 1 0
go-averroes/internal/routes/routes.go:77.3,77.49 1 0
go-averroes/internal/routes/routes.go:77.49,77.76 1 0
go-averroes/internal/routes/routes.go:78.3,78.50 1 0
go-averroes/internal/routes/routes.go:78.50,78.77 1 0
go-averroes/internal/routes/routes.go:79.3,79.50 1 0
go-averroes/internal/routes/routes.go:79.50,79.77 1 0
go-averroes/internal/routes/routes.go:80.3,80.56 1 0
go-averroes/internal/routes/routes.go:80.56,80.85 1 0
go-averroes/internal/routes/routes.go:84.2,86.2 3 0
go-averroes/internal/routes/routes.go:86.2,90.25 1 0
go-averroes/internal/routes/routes.go:90.25,90.62 1 0
go-averroes/internal/routes/routes.go:92.3,94.25 1 0
go-averroes/internal/routes/routes.go:94.25,94.63 1 0
go-averroes/internal/routes/routes.go:96.3,99.25 1 0
go-averroes/internal/routes/routes.go:99.25,99.62 1 0
go-averroes/internal/routes/routes.go:101.3,104.25 1 0
go-averroes/internal/routes/routes.go:104.25,104.65 1 0
go-averroes/internal/routes/routes.go:106.3,109.25 1 0
go-averroes/internal/routes/routes.go:109.25,109.65 1 0
go-averroes/internal/routes/routes.go:114.2,116.2 3 0
go-averroes/internal/routes/routes.go:116.2,118.47 1 0
go-averroes/internal/routes/routes.go:118.47,118.75 1 0
go-averroes/internal/routes/routes.go:121.3,124.25 1 0
go-averroes/internal/routes/routes.go:124.25,124.53 1 0
go-averroes/internal/routes/routes.go:126.3,129.25 1 0
go-averroes/internal/routes/routes.go:129.25,129.56 1 0
go-averroes/internal/routes/routes.go:131.3,134.25 1 0
go-averroes/internal/routes/routes.go:134.25,134.56 1 0
go-averroes/internal/routes/routes.go:139.2,141.2 3 0
go-averroes/internal/routes/routes.go:141.2,147.25 1 0
go-averroes/internal/routes/routes.go:147.25,147.64 1 0
go-averroes/internal/routes/routes.go:149.3,152.25 1 0
go-averroes/internal/routes/routes.go:152.25,152.72 1 0
go-averroes/internal/routes/routes.go:154.3,157.25 1 0
go-averroes/internal/routes/routes.go:157.25,157.71 1 0
go-averroes/internal/routes/routes.go:159.3,162.25 1 0
go-averroes/internal/routes/routes.go:162.25,162.70 1 0
go-averroes/internal/routes/routes.go:164.3,167.25 1 0
go-averroes/internal/routes/routes.go:167.25,167.64 1 0
go-averroes/internal/routes/routes.go:169.3,173.25 1 0
go-averroes/internal/routes/routes.go:173.25,173.67 1 0
go-averroes/internal/routes/routes.go:175.3,179.25 1 0
go-averroes/internal/routes/routes.go:179.25,179.67 1 0
go-averroes/internal/session/session.go:24.44,30.47 3 1
go-averroes/internal/session/session.go:30.47,37.3 3 1
go-averroes/internal/session/session.go:40.2,58.26 4 1
go-averroes/internal/session/session.go:58.26,66.3 3 1
go-averroes/internal/session/session.go:69.2,70.16 2 1
go-averroes/internal/session/session.go:70.16,78.3 3 1
go-averroes/internal/session/session.go:81.2,82.16 2 1
go-averroes/internal/session/session.go:82.16,89.3 3 0
go-averroes/internal/session/session.go:92.2,93.16 2 1
go-averroes/internal/session/session.go:93.16,100.3 3 0
go-averroes/internal/session/session.go:102.2,103.16 2 1
go-averroes/internal/session/session.go:103.16,110.3 3 0
go-averroes/internal/session/session.go:113.2,124.16 5 1
go-averroes/internal/session/session.go:124.16,131.3 3 0
go-averroes/internal/session/session.go:133.2,146.4 3 1
go-averroes/internal/session/session.go:150.45,155.22 3 1
go-averroes/internal/session/session.go:155.22,162.3 3 0
go-averroes/internal/session/session.go:165.2,166.17 2 1
go-averroes/internal/session/session.go:166.17,173.3 3 0
go-averroes/internal/session/session.go:176.2,181.16 2 1
go-averroes/internal/session/session.go:181.16,188.3 3 0
go-averroes/internal/session/session.go:190.2,194.4 2 1
go-averroes/internal/session/session.go:198.51,204.47 3 1
go-averroes/internal/session/session.go:204.47,211.3 3 1
go-averroes/internal/session/session.go:214.2,233.26 3 1
go-averroes/internal/session/session.go:233.26,240.3 3 1
go-averroes/internal/session/session.go:243.2,243.41 1 1
go-averroes/internal/session/session.go:243.41,250.3 3 1
go-averroes/internal/session/session.go:253.2,254.16 2 1
go-averroes/internal/session/session.go:254.16,261.3 3 0
go-averroes/internal/session/session.go:264.2,270.16 3 1
go-averroes/internal/session/session.go:270.16,277.3 3 0
go-averroes/internal/session/session.go:279.2,287.4 2 1
go-averroes/internal/session/session.go:291.54,295.9 3 1
go-averroes/internal/session/session.go:295.9,302.3 3 0
go-averroes/internal/session/session.go:304.2,310.16 2 1
go-averroes/internal/session/session.go:310.16,317.3 3 0
go-averroes/internal/session/session.go:318.2,321.18 3 1
go-averroes/internal/session/session.go:321.18,324.17 3 1
go-averroes/internal/session/session.go:324.17,326.12 2 0
go-averroes/internal/session/session.go:329.3,331.39 3 1
go-averroes/internal/session/session.go:334.2,338.4 2 1
go-averroes/internal/session/session.go:342.52,346.9 3 1
go-averroes/internal/session/session.go:346.9,353.3 3 0
go-averroes/internal/session/session.go:355.2,356.21 2 1
go-averroes/internal/session/session.go:356.21,363.3 3 0
go-averroes/internal/session/session.go:366.2,368.26 3 1
go-averroes/internal/session/session.go:368.26,375.3 3 1
go-averroes/internal/session/session.go:378.2,379.16 2 1
go-averroes/internal/session/session.go:379.16,386.3 3 0
go-averroes/internal/session/session.go:388.2,392.4 2 1
go-averroes/internal/session/session.go:396.74,415.26 4 1
go-averroes/internal/session/session.go:415.26,417.3 1 1
go-averroes/internal/session/session.go:419.2,419.33 1 1
go-averroes/internal/session/session.go:419.33,421.3 1 1
go-averroes/internal/session/session.go:423.2,423.19 1 1
go-averroes/internal/session/session.go:429.38,432.16 3 1
go-averroes/internal/session/session.go:432.16,434.3 1 0
go-averroes/internal/session/session.go:435.2,435.39 1 1
go-averroes/internal/session/session.go:439.55,440.56 1 1
go-averroes/internal/session/session.go:440.56,442.3 1 1
go-averroes/internal/session/session.go:443.2,443.11 1 0
go-averroes/internal/session/session.go:447.54,455.16 2 1
go-averroes/internal/session/session.go:455.16,457.3 1 0
go-averroes/internal/session/session.go:458.2,461.18 3 1
go-averroes/internal/session/session.go:461.18,471.17 3 0
go-averroes/internal/session/session.go:471.17,472.12 1 0
go-averroes/internal/session/session.go:474.3,474.30 1 0
go-averroes/internal/session/session.go:477.2,477.19 1 1
go-averroes/internal/user/user.go:21.39,24.9 3 1
go-averroes/internal/user/user.go:24.9,31.3 3 0
go-averroes/internal/user/user.go:33.2,37.4 2 1
go-averroes/internal/user/user.go:41.39,44.47 3 1
go-averroes/internal/user/user.go:44.47,51.3 3 1
go-averroes/internal/user/user.go:54.2,56.26 3 1
go-averroes/internal/user/user.go:56.26,63.3 3 1
go-averroes/internal/user/user.go:66.2,67.16 2 1
go-averroes/internal/user/user.go:67.16,74.3 3 0
go-averroes/internal/user/user.go:76.2,77.16 2 1
go-averroes/internal/user/user.go:77.16,84.3 3 0
go-averroes/internal/user/user.go:85.2,91.16 3 1
go-averroes/internal/user/user.go:91.16,98.3 3 0
go-averroes/internal/user/user.go:100.2,106.16 3 1
go-averroes/internal/user/user.go:106.16,113.3 3 0
go-averroes/internal/user/user.go:115.2,115.36 1 1
go-averroes/internal/user/user.go:115.36,122.3 3 0
go-averroes/internal/user/user.go:124.2,129.4 2 1
go-averroes/internal/user/user.go:133.42,136.9 3 1
go-averroes/internal/user/user.go:136.9,143.3 3 0
go-averroes/internal/user/user.go:144.2,147.47 3 1
go-averroes/internal/user/user.go:147.47,154.3 3 0
go-averroes/internal/user/user.go:156.2,156.22 1 1
go-averroes/internal/user/user.go:156.22,158.42 2 1
go-averroes/internal/user/user.go:158.42,165.4 3 1
go-averroes/internal/user/user.go:168.2,168.25 1 1
go-averroes/internal/user/user.go:168.25,169.29 1 1
go-averroes/internal/user/user.go:169.29,176.4 3 1
go-averroes/internal/user/user.go:179.2,180.16 2 1
go-averroes/internal/user/user.go:180.16,187.3 3 0
go-averroes/internal/user/user.go:188.2,193.25 4 1
go-averroes/internal/user/user.go:193.25,196.3 2 1
go-averroes/internal/user/user.go:197.2,197.26 1 1
go-averroes/internal/user/user.go:197.26,200.3 2 1
go-averroes/internal/user/user.go:201.2,201.22 1 1
go-averroes/internal/user/user.go:201.22,204.27 3 1
go-averroes/internal/user/user.go:204.27,211.4 3 1
go-averroes/internal/user/user.go:212.3,213.34 2 1
go-averroes/internal/user/user.go:216.2,220.16 4 1
go-averroes/internal/user/user.go:220.16,227.3 3 0
go-averroes/internal/user/user.go:229.2,229.25 1 1
go-averroes/internal/user/user.go:229.25,231.17 2 1
go-averroes/internal/user/user.go:231.17,238.4 3 0
go-averroes/internal/user/user.go:240.3,245.17 2 1
go-averroes/internal/user/user.go:245.17,252.4 3 0
go-averroes/internal/user/user.go:255.2,255.36 1 1
go-averroes/internal/user/user.go:255.36,262.3 3 0
go-averroes/internal/user/user.go:264.2,268.4 2 1
go-averroes/internal/user/user.go:272.42,275.9 3 1
go-averroes/internal/user/user.go:275.9,282.3 3 0
go-averroes/internal/user/user.go:283.2,286.16 3 1
go-averroes/internal/user/user.go:286.16,293.3 3 0
go-averroes/internal/user/user.go:294.2,297.16 3 1
go-averroes/internal/user/user.go:297.16,304.3 3 0
go-averroes/internal/user/user.go:306.2,307.16 2 1
go-averroes/internal/user/user.go:307.16,314.3 3 0
go-averroes/internal/user/user.go:316.2,316.36 1 1
go-averroes/internal/user/user.go:316.36,323.3 3 0
go-averroes/internal/user/user.go:325.2,329.4 2 1
go-averroes/internal/user/user.go:333.52,336.9 3 0
go-averroes/internal/user/user.go:336.9,343.3 3 0
go-averroes/internal/user/user.go:346.2,353.16 2 0
go-averroes/internal/user/user.go:353.16,360.3 3 0
go-averroes/internal/user/user.go:361.2,364.18 3 0
go-averroes/internal/user/user.go:364.18,367.17 3 0
go-averroes/internal/user/user.go:367.17,369.12 2 0
go-averroes/internal/user/user.go:371.3,371.30 1 0
go-averroes/internal/user/user.go:374.2,383.4 3 0
go-averroes/internal/user/user.go:387.45,391.9 3 0
go-averroes/internal/user/user.go:391.9,398.3 3 0
go-averroes/internal/user/user.go:401.2,408.16 2 0
go-averroes/internal/user/user.go:408.16,415.3 3 0
go-averroes/internal/user/user.go:416.2,419.18 3 0
go-averroes/internal/user/user.go:419.18,422.17 3 0
go-averroes/internal/user/user.go:422.17,424.12 2 0
go-averroes/internal/user/user.go:426.3,426.30 1 0
go-averroes/internal/user/user.go:429.2,438.4 3 0
go-averroes/internal/user_calendar/user_calendar.go:23.47,26.9 3 0
go-averroes/internal/user_calendar/user_calendar.go:26.9,28.3 1 0
go-averroes/internal/user_calendar/user_calendar.go:30.2,31.9 2 0
go-averroes/internal/user_calendar/user_calendar.go:31.9,33.3 1 0
go-averroes/internal/user_calendar/user_calendar.go:34.2,43.16 4 0
go-averroes/internal/user_calendar/user_calendar.go:43.16,44.36 1 0
go-averroes/internal/user_calendar/user_calendar.go:44.36,51.4 3 0
go-averroes/internal/user_calendar/user_calendar.go:52.3,57.9 3 0
go-averroes/internal/user_calendar/user_calendar.go:60.2,64.4 2 0
go-averroes/internal/user_calendar/user_calendar.go:68.47,71.9 3 0
go-averroes/internal/user_calendar/user_calendar.go:71.9,73.3 1 0
go-averroes/internal/user_calendar/user_calendar.go:75.2,76.9 2 0
go-averroes/internal/user_calendar/user_calendar.go:76.9,78.3 1 0
go-averroes/internal/user_calendar/user_calendar.go:79.2,83.16 3 0
go-averroes/internal/user_calendar/user_calendar.go:83.16,90.3 3 0
go-averroes/internal/user_calendar/user_calendar.go:91.2,96.36 4 0
go-averroes/internal/user_calendar/user_calendar.go:96.36,103.3 3 0
go-averroes/internal/user_calendar/user_calendar.go:106.2,110.16 2 0
go-averroes/internal/user_calendar/user_calendar.go:110.16,112.55 1 0
go-averroes/internal/user_calendar/user_calendar.go:112.55,119.4 3 0
go-averroes/internal/user_calendar/user_calendar.go:120.3,125.9 3 0
go-averroes/internal/user_calendar/user_calendar.go:128.2,131.36 2 0
go-averroes/internal/user_calendar/user_calendar.go:131.36,138.3 3 0
go-averroes/internal/user_calendar/user_calendar.go:140.2,145.4 2 0
go-averroes/internal/user_calendar/user_calendar.go:149.50,152.9 3 0
go-averroes/internal/user_calendar/user_calendar.go:152.9,154.3 1 0
go-averroes/internal/user_calendar/user_calendar.go:156.2,157.9 2 0
go-averroes/internal/user_calendar/user_calendar.go:157.9,159.3 1 0
go-averroes/internal/user_calendar/user_calendar.go:160.2,164.16 3 0
go-averroes/internal/user_calendar/user_calendar.go:164.16,171.3 3 0
go-averroes/internal/user_calendar/user_calendar.go:172.2,177.35 4 0
go-averroes/internal/user_calendar/user_calendar.go:177.35,184.3 3 0
go-averroes/internal/user_calendar/user_calendar.go:187.2,188.16 2 0
go-averroes/internal/user_calendar/user_calendar.go:188.16,195.3 3 0
go-averroes/internal/user_calendar/user_calendar.go:197.2,197.36 1 0
go-averroes/internal/user_calendar/user_calendar.go:197.36,204.3 3 0
go-averroes/internal/user_calendar/user_calendar.go:206.2,210.4 2 0
go-averroes/internal/user_calendar/user_calendar.go:214.50,217.9 3 0
go-averroes/internal/user_calendar/user_calendar.go:217.9,219.3 1 0
go-averroes/internal/user_calendar/user_calendar.go:221.2,222.9 2 0
go-averroes/internal/user_calendar/user_calendar.go:222.9,224.3 1 0
go-averroes/internal/user_calendar/user_calendar.go:225.2,229.16 3 0
go-averroes/internal/user_calendar/user_calendar.go:229.16,236.3 3 0
go-averroes/internal/user_calendar/user_calendar.go:237.2,242.35 4 0
go-averroes/internal/user_calendar/user_calendar.go:242.35,249.3 3 0
go-averroes/internal/user_calendar/user_calendar.go:251.2,252.16 2 0
go-averroes/internal/user_calendar/user_calendar.go:252.16,259.3 3 0
go-averroes/internal/user_calendar/user_calendar.go:261.2,261.36 1 0
go-averroes/internal/user_calendar/user_calendar.go:261.36,268.3 3 0
go-averroes/internal/user_calendar/user_calendar.go:270.2,274.4 2 0
go-averroes/internal/user_calendar/user_calendar.go:278.48,281.9 3 0
go-averroes/internal/user_calendar/user_calendar.go:281.9,283.3 1 0
go-averroes/internal/user_calendar/user_calendar.go:284.2,294.16 3 0
go-averroes/internal/user_calendar/user_calendar.go:294.16,301.3 3 0
go-averroes/internal/user_calendar/user_calendar.go:302.2,305.18 3 0
go-averroes/internal/user_calendar/user_calendar.go:305.18,317.17 3 0
go-averroes/internal/user_calendar/user_calendar.go:317.17,324.4 3 0
go-averroes/internal/user_calendar/user_calendar.go:325.3,325.54 1 0
go-averroes/internal/user_calendar/user_calendar.go:328.2,333.4 2 0
go-averroes/internal/user_calendar/user_calendar.go:337.53,340.9 3 0
go-averroes/internal/user_calendar/user_calendar.go:340.9,342.3 1 0
go-averroes/internal/user_calendar/user_calendar.go:343.2,353.16 3 0
go-averroes/internal/user_calendar/user_calendar.go:353.16,360.3 3 0
go-averroes/internal/user_calendar/user_calendar.go:361.2,364.18 3 0
go-averroes/internal/user_calendar/user_calendar.go:364.18,376.17 3 0
go-averroes/internal/user_calendar/user_calendar.go:376.17,383.4 3 0
go-averroes/internal/user_calendar/user_calendar.go:384.3,384.54 1 0
go-averroes/internal/user_calendar/user_calendar.go:387.2,392.4 2 0
go-averroes/internal/user_calendar/user_calendar.go:396.50,398.9 2 0
go-averroes/internal/user_calendar/user_calendar.go:398.9,400.3 1 0
go-averroes/internal/user_calendar/user_calendar.go:401.2,404.23 3 0
go-averroes/internal/user_calendar/user_calendar.go:404.23,411.3 3 0
go-averroes/internal/user_calendar/user_calendar.go:412.2,413.16 2 0
go-averroes/internal/user_calendar/user_calendar.go:413.16,420.3 3 0
go-averroes/internal/user_calendar/user_calendar.go:423.2,424.16 2 0
go-averroes/internal/user_calendar/user_calendar.go:424.16,426.27 2 0
go-averroes/internal/user_calendar/user_calendar.go:426.27,427.25 1 0
go-averroes/internal/user_calendar/user_calendar.go:427.25,429.10 2 0
go-averroes/internal/user_calendar/user_calendar.go:432.3,432.14 1 0
go-averroes/internal/user_calendar/user_calendar.go:432.14,435.18 2 0
go-averroes/internal/user_calendar/user_calendar.go:435.18,436.35 1 0
go-averroes/internal/user_calendar/user_calendar.go:436.35,437.27 1 0
go-averroes/internal/user_calendar/user_calendar.go:437.27,444.7 3 0
go-averroes/internal/user_calendar/user_calendar.go:448.4,448.30 1 0
go-averroes/internal/user_calendar/user_calendar.go:453.2,453.33 1 0
go-averroes/internal/user_calendar/user_calendar.go:453.33,460.3 3 0
go-averroes/internal/user_calendar/user_calendar.go:461.2,461.28 1 0
go-averroes/testutils/testutils.go:28.37,33.45 3 0
go-averroes/testutils/testutils.go:33.45,38.3 1 0
go-averroes/testutils/testutils.go:41.2,42.2 2 0
go-averroes/testutils/testutils.go:42.2,43.49 1 0
go-averroes/testutils/testutils.go:43.49,43.77 1 0
go-averroes/testutils/testutils.go:44.3,44.51 1 0
go-averroes/testutils/testutils.go:44.51,44.86 1 0
go-averroes/testutils/testutils.go:48.2,50.2 3 0
go-averroes/testutils/testutils.go:50.2,51.59 1 0
go-averroes/testutils/testutils.go:51.59,51.88 1 0
go-averroes/testutils/testutils.go:52.3,52.54 1 0
go-averroes/testutils/testutils.go:52.54,52.80 1 0
go-averroes/testutils/testutils.go:53.3,53.60 1 0
go-averroes/testutils/testutils.go:53.60,53.98 1 0
go-averroes/testutils/testutils.go:54.3,54.75 1 0
go-averroes/testutils/testutils.go:54.75,54.111 1 0
go-averroes/testutils/testutils.go:58.2,59.2 2 0
go-averroes/testutils/testutils.go:59.2,61.43 1 0
go-averroes/testutils/testutils.go:61.43,61.63 1 0
go-averroes/testutils/testutils.go:64.3,66.3 3 0
go-averroes/testutils/testutils.go:66.3,68.55 1 0
go-averroes/testutils/testutils.go:68.55,68.75 1 0
go-averroes/testutils/testutils.go:69.4,69.55 1 0
go-averroes/testutils/testutils.go:69.55,69.78 1 0
go-averroes/testutils/testutils.go:70.4,70.58 1 0
go-averroes/testutils/testutils.go:70.58,70.81 1 0
go-averroes/testutils/testutils.go:74.3,76.3 3 0
go-averroes/testutils/testutils.go:76.3,77.101 1 0
go-averroes/testutils/testutils.go:77.101,77.121 1 0
go-averroes/testutils/testutils.go:78.4,78.101 1 0
go-averroes/testutils/testutils.go:78.101,78.124 1 0
go-averroes/testutils/testutils.go:79.4,79.104 1 0
go-averroes/testutils/testutils.go:79.104,79.127 1 0
go-averroes/testutils/testutils.go:80.4,80.112 1 0
go-averroes/testutils/testutils.go:80.112,80.145 1 0
go-averroes/testutils/testutils.go:85.2,87.2 3 0
go-averroes/testutils/testutils.go:87.2,88.42 1 0
go-averroes/testutils/testutils.go:88.42,88.68 1 0
go-averroes/testutils/testutils.go:89.3,89.46 1 0
go-averroes/testutils/testutils.go:89.46,89.70 1 0
go-averroes/testutils/testutils.go:90.3,90.43 1 0
go-averroes/testutils/testutils.go:90.43,90.70 1 0
go-averroes/testutils/testutils.go:91.3,91.46 1 0
go-averroes/testutils/testutils.go:91.46,91.73 1 0
go-averroes/testutils/testutils.go:92.3,92.49 1 0
go-averroes/testutils/testutils.go:92.49,92.76 1 0
go-averroes/testutils/testutils.go:93.3,93.50 1 0
go-averroes/testutils/testutils.go:93.50,93.77 1 0
go-averroes/testutils/testutils.go:94.3,94.50 1 0
go-averroes/testutils/testutils.go:94.50,94.77 1 0
go-averroes/testutils/testutils.go:95.3,95.56 1 0
go-averroes/testutils/testutils.go:95.56,95.85 1 0
go-averroes/testutils/testutils.go:99.2,101.2 3 0
go-averroes/testutils/testutils.go:101.2,105.25 1 0
go-averroes/testutils/testutils.go:105.25,105.62 1 0
go-averroes/testutils/testutils.go:107.3,109.25 1 0
go-averroes/testutils/testutils.go:109.25,109.63 1 0
go-averroes/testutils/testutils.go:111.3,114.25 1 0
go-averroes/testutils/testutils.go:114.25,114.62 1 0
go-averroes/testutils/testutils.go:116.3,119.25 1 0
go-averroes/testutils/testutils.go:119.25,119.65 1 0
go-averroes/testutils/testutils.go:121.3,124.25 1 0
go-averroes/testutils/testutils.go:124.25,124.65 1 0
go-averroes/testutils/testutils.go:129.2,131.2 3 0
go-averroes/testutils/testutils.go:131.2,133.47 1 0
go-averroes/testutils/testutils.go:133.47,133.75 1 0
go-averroes/testutils/testutils.go:136.3,139.25 1 0
go-averroes/testutils/testutils.go:139.25,139.53 1 0
go-averroes/testutils/testutils.go:141.3,144.25 1 0
go-averroes/testutils/testutils.go:144.25,144.56 1 0
go-averroes/testutils/testutils.go:146.3,149.25 1 0
go-averroes/testutils/testutils.go:149.25,149.56 1 0
go-averroes/testutils/testutils.go:154.2,156.2 3 0
go-averroes/testutils/testutils.go:156.2,162.25 1 0
go-averroes/testutils/testutils.go:162.25,162.64 1 0
go-averroes/testutils/testutils.go:164.3,167.25 1 0
go-averroes/testutils/testutils.go:167.25,167.72 1 0
go-averroes/testutils/testutils.go:169.3,172.25 1 0
go-averroes/testutils/testutils.go:172.25,172.71 1 0
go-averroes/testutils/testutils.go:174.3,177.25 1 0
go-averroes/testutils/testutils.go:177.25,177.70 1 0
go-averroes/testutils/testutils.go:179.3,182.25 1 0
go-averroes/testutils/testutils.go:182.25,182.64 1 0
go-averroes/testutils/testutils.go:184.3,188.25 1 0
go-averroes/testutils/testutils.go:188.25,188.67 1 0
go-averroes/testutils/testutils.go:190.3,194.25 1 0
go-averroes/testutils/testutils.go:194.25,194.67 1 0
go-averroes/testutils/testutils.go:198.2,198.15 1 0
go-averroes/testutils/testutils.go:202.44,203.42 1 0
go-averroes/testutils/testutils.go:203.42,205.3 1 0
go-averroes/testutils/testutils.go:206.2,206.19 1 0
go-averroes/testutils/testutils.go:211.25,222.2 2 0
go-averroes/testutils/testutils.go:225.57,227.2 1 0
go-averroes/testutils/testutils.go:230.28,232.22 2 0
go-averroes/testutils/testutils.go:232.22,234.3 1 0
go-averroes/testutils/testutils.go:235.2,235.12 1 0
go-averroes/testutils/testutils.go:239.35,241.37 1 0
go-averroes/testutils/testutils.go:241.37,243.3 1 0
go-averroes/testutils/testutils.go:246.2,246.12 1 0
go-averroes/testutils/testutils.go:250.38,252.40 1 0
go-averroes/testutils/testutils.go:252.40,254.3 1 0
go-averroes/testutils/testutils.go:256.2,256.12 1 0
go-averroes/testutils/testutils.go:261.50,274.39 3 0
go-averroes/testutils/testutils.go:274.39,276.3 1 0
go-averroes/testutils/testutils.go:279.2,285.28 3 0
go-averroes/testutils/testutils.go:285.28,288.29 2 0
go-averroes/testutils/testutils.go:288.29,290.4 1 0
go-averroes/testutils/testutils.go:291.3,291.53 1 0
go-averroes/testutils/testutils.go:294.2,294.14 1 0
go-averroes/testutils/testutils.go:298.47,301.24 3 0
go-averroes/testutils/testutils.go:301.24,303.3 1 0
go-averroes/testutils/testutils.go:304.2,304.23 1 0
go-averroes/testutils/testutils.go:308.25,310.2 1 0
go-averroes/testutils/testutils.go:313.26,314.22 1 0
go-averroes/testutils/testutils.go:314.22,316.3 1 0
go-averroes/testutils/testutils.go:317.2,323.45 7 0
go-averroes/testutils/testutils.go:341.91,352.14 8 0
go-averroes/testutils/testutils.go:352.14,355.17 2 0
go-averroes/testutils/testutils.go:355.17,357.4 1 0
go-averroes/testutils/testutils.go:360.3,361.17 2 0
go-averroes/testutils/testutils.go:361.17,363.4 1 0
go-averroes/testutils/testutils.go:366.3,367.17 2 0
go-averroes/testutils/testutils.go:367.17,369.4 1 0
go-averroes/testutils/testutils.go:372.3,373.17 2 0
go-averroes/testutils/testutils.go:373.17,375.4 1 0
go-averroes/testutils/testutils.go:378.3,378.20 1 0
go-averroes/testutils/testutils.go:378.20,380.18 2 0
go-averroes/testutils/testutils.go:380.18,382.5 1 0
go-averroes/testutils/testutils.go:384.8,408.20 4 0
go-averroes/testutils/testutils.go:408.20,410.18 2 0
go-averroes/testutils/testutils.go:410.18,412.5 1 0
go-averroes/testutils/testutils.go:414.4,415.18 2 0
go-averroes/testutils/testutils.go:415.18,417.5 1 0
go-averroes/testutils/testutils.go:419.4,419.46 1 0
go-averroes/testutils/testutils.go:423.2,430.8 1 0
go-averroes/testutils/testutils.go:438.90,449.14 8 0
go-averroes/testutils/testutils.go:449.14,452.17 2 0
go-averroes/testutils/testutils.go:452.17,454.4 1 0
go-averroes/testutils/testutils.go:457.3,458.17 2 0
go-averroes/testutils/testutils.go:458.17,460.4 1 0
go-averroes/testutils/testutils.go:463.3,463.20 1 0
go-averroes/testutils/testutils.go:463.20,465.18 2 0
go-averroes/testutils/testutils.go:465.18,467.5 1 0
go-averroes/testutils/testutils.go:469.8,485.20 3 0
go-averroes/testutils/testutils.go:485.20,487.18 2 0
go-averroes/testutils/testutils.go:487.18,489.5 1 0
go-averroes/testutils/testutils.go:491.4,492.18 2 0
go-averroes/testutils/testutils.go:492.18,494.5 1 0
go-averroes/testutils/testutils.go:496.4,496.46 1 0
go-averroes/testutils/testutils.go:500.2,507.8 1 0
go-averroes/testutils/testutils.go:513.96,516.16 2 0
go-averroes/testutils/testutils.go:516.16,518.3 1 0
go-averroes/testutils/testutils.go:520.2,521.16 2 0
go-averroes/testutils/testutils.go:521.16,523.3 1 0
go-averroes/testutils/testutils.go:524.2,531.16 3 0
go-averroes/testutils/testutils.go:531.16,533.3 1 0
go-averroes/testutils/testutils.go:535.2,542.16 3 0
go-averroes/testutils/testutils.go:542.16,544.3 1 0
go-averroes/testutils/testutils.go:546.2,546.36 1 0
go-averroes/testutils/testutils.go:546.36,548.3 1 0
go-averroes/testutils/testutils.go:551.2,564.16 3 0
go-averroes/testutils/testutils.go:564.16,566.3 1 0
go-averroes/testutils/testutils.go:568.2,568.19 1 0
go-averroes/testutils/testutils.go:572.43,576.16 3 0
go-averroes/testutils/testutils.go:576.16,579.3 1 0
go-averroes/testutils/testutils.go:581.2,581.26 1 0
go-averroes/testutils/testutils.go:581.26,583.3 1 0
go-averroes/testutils/testutils.go:586.2,590.16 2 0
go-averroes/testutils/testutils.go:590.16,592.3 1 0
go-averroes/testutils/testutils.go:594.2,595.28 2 0
go-averroes/testutils/testutils.go:599.49,603.16 3 0
go-averroes/testutils/testutils.go:603.16,606.3 1 0
go-averroes/testutils/testutils.go:608.2,608.26 1 0
go-averroes/testutils/testutils.go:608.26,610.3 1 0
go-averroes/testutils/testutils.go:613.2,617.16 2 0
go-averroes/testutils/testutils.go:617.16,619.3 1 0
go-averroes/testutils/testutils.go:621.2,621.12 1 0
go-averroes/testutils/testutils.go:625.95,628.16 2 0
go-averroes/testutils/testutils.go:628.16,630.3 1 0
go-averroes/testutils/testutils.go:632.2,633.16 2 0
go-averroes/testutils/testutils.go:633.16,635.3 1 0
go-averroes/testutils/testutils.go:638.2,645.16 3 0
go-averroes/testutils/testutils.go:645.16,647.3 1 0
go-averroes/testutils/testutils.go:649.2,649.51 1 0
go-averroes/testutils/testutils.go:653.38,656.16 3 0
go-averroes/testutils/testutils.go:656.16,658.3 1 0
go-averroes/testutils/testutils.go:659.2,659.39 1 0
go-averroes/testutils/testutils.go:663.39,664.14 1 0
go-averroes/testutils/testutils.go:664.14,666.3 1 0
go-averroes/testutils/testutils.go:667.2,667.11 1 0
