mode: set
go-averroes/internal/user/user.go:21.39,24.9 3 1
go-averroes/internal/user/user.go:24.9,31.3 3 0
go-averroes/internal/user/user.go:33.2,37.4 2 1
go-averroes/internal/user/user.go:41.39,44.47 3 1
go-averroes/internal/user/user.go:44.47,51.3 3 1
go-averroes/internal/user/user.go:54.2,56.26 3 1
go-averroes/internal/user/user.go:56.26,63.3 3 1
go-averroes/internal/user/user.go:66.2,67.16 2 1
go-averroes/internal/user/user.go:67.16,74.3 3 0
go-averroes/internal/user/user.go:76.2,77.16 2 1
go-averroes/internal/user/user.go:77.16,84.3 3 0
go-averroes/internal/user/user.go:85.2,91.16 3 1
go-averroes/internal/user/user.go:91.16,98.3 3 0
go-averroes/internal/user/user.go:100.2,106.16 3 1
go-averroes/internal/user/user.go:106.16,113.3 3 0
go-averroes/internal/user/user.go:115.2,115.36 1 1
go-averroes/internal/user/user.go:115.36,122.3 3 0
go-averroes/internal/user/user.go:124.2,129.4 2 1
go-averroes/internal/user/user.go:133.42,136.9 3 1
go-averroes/internal/user/user.go:136.9,143.3 3 0
go-averroes/internal/user/user.go:144.2,147.47 3 1
go-averroes/internal/user/user.go:147.47,154.3 3 0
go-averroes/internal/user/user.go:156.2,156.22 1 1
go-averroes/internal/user/user.go:156.22,158.42 2 1
go-averroes/internal/user/user.go:158.42,165.4 3 1
go-averroes/internal/user/user.go:168.2,168.25 1 1
go-averroes/internal/user/user.go:168.25,169.29 1 1
go-averroes/internal/user/user.go:169.29,176.4 3 1
go-averroes/internal/user/user.go:179.2,180.16 2 1
go-averroes/internal/user/user.go:180.16,187.3 3 0
go-averroes/internal/user/user.go:188.2,193.25 4 1
go-averroes/internal/user/user.go:193.25,196.3 2 1
go-averroes/internal/user/user.go:197.2,197.26 1 1
go-averroes/internal/user/user.go:197.26,200.3 2 1
go-averroes/internal/user/user.go:201.2,201.22 1 1
go-averroes/internal/user/user.go:201.22,204.27 3 1
go-averroes/internal/user/user.go:204.27,211.4 3 1
go-averroes/internal/user/user.go:212.3,213.34 2 1
go-averroes/internal/user/user.go:216.2,220.16 4 1
go-averroes/internal/user/user.go:220.16,227.3 3 0
go-averroes/internal/user/user.go:229.2,229.25 1 1
go-averroes/internal/user/user.go:229.25,231.17 2 1
go-averroes/internal/user/user.go:231.17,238.4 3 0
go-averroes/internal/user/user.go:240.3,245.17 2 1
go-averroes/internal/user/user.go:245.17,252.4 3 0
go-averroes/internal/user/user.go:255.2,255.36 1 1
go-averroes/internal/user/user.go:255.36,262.3 3 0
go-averroes/internal/user/user.go:264.2,268.4 2 1
go-averroes/internal/user/user.go:272.42,275.9 3 1
go-averroes/internal/user/user.go:275.9,282.3 3 0
go-averroes/internal/user/user.go:283.2,286.16 3 1
go-averroes/internal/user/user.go:286.16,293.3 3 0
go-averroes/internal/user/user.go:294.2,297.16 3 1
go-averroes/internal/user/user.go:297.16,304.3 3 0
go-averroes/internal/user/user.go:306.2,307.16 2 1
go-averroes/internal/user/user.go:307.16,314.3 3 0
go-averroes/internal/user/user.go:316.2,316.36 1 1
go-averroes/internal/user/user.go:316.36,323.3 3 0
go-averroes/internal/user/user.go:325.2,329.4 2 1
go-averroes/internal/user/user.go:333.52,336.9 3 1
go-averroes/internal/user/user.go:336.9,343.3 3 0
go-averroes/internal/user/user.go:346.2,353.16 2 1
go-averroes/internal/user/user.go:353.16,360.3 3 0
go-averroes/internal/user/user.go:361.2,364.18 3 1
go-averroes/internal/user/user.go:364.18,367.17 3 1
go-averroes/internal/user/user.go:367.17,369.12 2 0
go-averroes/internal/user/user.go:371.3,371.30 1 1
go-averroes/internal/user/user.go:374.2,383.4 3 1
go-averroes/internal/user/user.go:387.45,391.9 3 0
go-averroes/internal/user/user.go:391.9,398.3 3 0
go-averroes/internal/user/user.go:401.2,408.16 2 0
go-averroes/internal/user/user.go:408.16,415.3 3 0
go-averroes/internal/user/user.go:416.2,419.18 3 0
go-averroes/internal/user/user.go:419.18,422.17 3 0
go-averroes/internal/user/user.go:422.17,424.12 2 0
go-averroes/internal/user/user.go:426.3,426.30 1 0
go-averroes/internal/user/user.go:429.2,438.4 3 0
